2026.06.11 16:50:16 WARN  Using H2 2.4.240 which is newer than the version Flyway has been verified with. The latest verified version of H2 is 2.3.232.
2026.06.11 16:50:16 INFO  no build target found for C:\Users\mulum\projet_taches(java)\ATELIER_JAVA2_2026\WEB-INF\taches\Task.java. Using fallback presentation compiler.
2026.06.11 16:50:18 INFO  no build target found for C:\Users\mulum\projet_taches(java)\ATELIER_JAVA2_2026\WEB-INF\taches\Task.java. Using fallback presentation compiler.
2026.06.11 16:50:18 WARN  no build tool detected in workspace 'C:\Users\mulum\projet_taches(java)\ATELIER_JAVA2_2026'. The most common cause for this problem is that the editor was opened in the wrong working directory, for example if you use sbt then the workspace directory should contain build.sbt. 
2026.06.11 16:50:18 WARN  Build server is not auto-connectable.
2026.06.11 16:50:18 WARN  no build target for: C:\Users\mulum\projet_taches(java)\ATELIER_JAVA2_2026\WEB-INF\taches\Task.java
2026.06.11 16:50:18 INFO  no build target found for C:\Users\mulum\projet_taches(java)\ATELIER_JAVA2_2026\WEB-INF\taches\Task.java. Using fallback presentation compiler.
2026.06.11 16:50:19 INFO  time: code lens generation in 1.18s
2026.06.11 16:50:28 INFO  no build target found for C:\Users\mulum\projet_taches(java)\ATELIER_JAVA2_2026\WEB-INF\taches\Task.java. Using fallback presentation compiler.
2026.06.11 16:50:41 INFO  no build target found for C:\Users\mulum\projet_taches(java)\ATELIER_JAVA2_2026\WEB-INF\taches\Task.java. Using fallback presentation compiler.
2026.06.11 16:50:43 INFO  no build target found for C:\Users\mulum\projet_taches(java)\ATELIER_JAVA2_2026\WEB-INF\taches\Task.java. Using fallback presentation compiler.
2026.06.11 16:50:47 INFO  no build target found for C:\Users\mulum\projet_taches(java)\ATELIER_JAVA2_2026\WEB-INF\taches\Task.java. Using fallback presentation compiler.
2026.06.11 16:50:47 INFO  no build target found for C:\Users\mulum\projet_taches(java)\ATELIER_JAVA2_2026\WEB-INF\taches\Task.java. Using fallback presentation compiler.
2026.06.11 16:50:47 INFO  no build target found for C:\Users\mulum\projet_taches(java)\ATELIER_JAVA2_2026\WEB-INF\taches\Task.java. Using fallback presentation compiler.
juin 11, 2026 4:50:48 PM org.eclipse.lsp4j.jsonrpc.RemoteEndpoint handleCancellation
AVERTISSEMENT: Unmatched cancel notification for request id 19
juin 11, 2026 4:50:48 PM org.eclipse.lsp4j.jsonrpc.RemoteEndpoint handleCancellation
AVERTISSEMENT: Unmatched cancel notification for request id 20
juin 11, 2026 4:50:48 PM org.eclipse.lsp4j.jsonrpc.RemoteEndpoint handleCancellation
AVERTISSEMENT: Unmatched cancel notification for request id 21
2026.06.11 16:50:47 INFO  no build target found for C:\Users\mulum\projet_taches(java)\ATELIER_JAVA2_2026\WEB-INF\taches\Task.java. Using fallback presentation compiler.
2026.06.11 16:50:49 INFO  no build target found for C:\Users\mulum\projet_taches(java)\ATELIER_JAVA2_2026\WEB-INF\taches\Task.java. Using fallback presentation compiler.
